
****** Vivado v2023.1 (64-bit)
  **** SW Build 3865809 on Sun May  7 15:04:56 MDT 2023
  **** IP Build 3864474 on Sun May  7 20:36:21 MDT 2023
  **** SharedData Build 3865790 on Sun May 07 13:33:03 MDT 2023
    ** Copyright 1986-2022 Xilinx, Inc. All Rights Reserved.
    ** Copyright 2022-2023 Advanced Micro Devices, Inc. All Rights Reserved.

source /home/gvaldez/cordic_clp_final/coordic_tpfinal/coordic_recursivo/sintesis/cordic_alg.runs/impl_1/.Xil/Vivado-620312-DESKTOP-DEBIAN/dc_drv.0/dc/debug_ip_core.tcl
# set_param runs.launchOptions { -jobs 3  }
# set_param project.singleFileAddWarning.threshold 0
# set_param xicom.use_bs_reader 1
# set_param synth.enableIncremental 0
# set_param chipscope.maxJobs 1
# set_param checkpoint.writeSynthRtdsInDcp 1
# set_param synth.incrementalSynthesisCache ./.Xil/Vivado-18390-DESKTOP-DEBIAN/incrSyn
# set_param chipscope.flow 0
# set_param ips.addSpecialDataToCacheID 0
# set script_paths /home/gvaldez/cordic_clp_final/coordic_tpfinal/coordic_recursivo/sintesis/cordic_alg.runs/impl_1/.Xil/Vivado-620312-DESKTOP-DEBIAN/dbg_hub_CV.0/out/get_cs_ip.tcl
# foreach script_path $script_paths { 
#     source $script_path
#     lappend debug_ip_vlnv $ip_vlnv 
#     lappend debug_ip_module_name $ip_module_name
#     lappend debug_params $params
#     lappend debug_intf_params $intf_params
#     lappend debug_connectivity $connectivity
#     lappend debug_output_xci $output_xci
#     lappend debug_output_dcp $output_dcp
#     lappend debug_output_dir $output_dir
#     lappend debug_synth_opts $synth_opts
#     lappend debug_xdc_files $xdc_files
# }
## set_param runs.launchOptions { -jobs 3  }
## set_param project.singleFileAddWarning.threshold 0
## set_param xicom.use_bs_reader 1
## set_param synth.enableIncremental 0
## set_param chipscope.maxJobs 1
## set_param checkpoint.writeSynthRtdsInDcp 1
## set_param synth.incrementalSynthesisCache ./.Xil/Vivado-18390-DESKTOP-DEBIAN/incrSyn
## set_param chipscope.flow 0
## set part xc7z020clg400-1
## set board_part_repo_paths {/home/gvaldez/.Xilinx/Vivado/2023.1/xhub/board_store/xilinx_board_store}
## set board_part tul.com.tw:pynq-z2:part0:1.0
## set board_connections {}
## set tool_flow Vivado
## set ip_vlnv xilinx.com:ip:xsdbm:3.0
## set ip_module_name dbg_hub
## set params {{{PARAM_VALUE.C_BSCAN_MODE} {false} {PARAM_VALUE.C_BSCAN_MODE_WITH_CORE} {false} {PARAM_VALUE.C_CLK_INPUT_FREQ_HZ} {300000000} {PARAM_VALUE.C_ENABLE_CLK_DIVIDER} {false} {PARAM_VALUE.C_EN_BSCANID_VEC} {false} {PARAM_VALUE.C_NUM_BSCAN_MASTER_PORTS} {0} {PARAM_VALUE.C_TWO_PRIM_MODE} {false} {PARAM_VALUE.C_USER_SCAN_CHAIN} {1} {PARAM_VALUE.C_USE_EXT_BSCAN} {false} {PARAM_VALUE.C_XSDB_NUM_SLAVES} {1}}}
## set intf_params {}
## set connectivity {}
## set output_xci /home/gvaldez/cordic_clp_final/coordic_tpfinal/coordic_recursivo/sintesis/cordic_alg.runs/impl_1/.Xil/Vivado-620312-DESKTOP-DEBIAN/dbg_hub_CV.0/out/result.xci
## set output_dcp /home/gvaldez/cordic_clp_final/coordic_tpfinal/coordic_recursivo/sintesis/cordic_alg.runs/impl_1/.Xil/Vivado-620312-DESKTOP-DEBIAN/dbg_hub_CV.0/out/result.dcp
## set output_dir /home/gvaldez/cordic_clp_final/coordic_tpfinal/coordic_recursivo/sintesis/cordic_alg.runs/impl_1/.Xil/Vivado-620312-DESKTOP-DEBIAN/dbg_hub_CV.0/out
## set ip_repo_paths {}
## set ip_output_repo /home/gvaldez/cordic_clp_final/coordic_tpfinal/coordic_recursivo/sintesis/cordic_alg.cache/ip
## set ip_cache_permissions {read write}
## set oopbus_ip_repo_paths [get_param chipscope.oopbus_ip_repo_paths]
## set synth_opts {}
## set xdc_files {}
# set debug_ip_repo_paths $ip_repo_paths
# set debug_ip_output_repo $ip_output_repo
# set debug_ip_cache_permissions $ip_cache_permissions
# set debug_oopbus_ip_repo_paths [get_param chipscope.oopbus_ip_repo_paths]
# set ordering_constrs 1
# set jobs 1
# source {/tools/Xilinx/Vivado/2023.1/scripts/ip/ipxchipscope.tcl}
create_project: Time (s): cpu = 00:00:13 ; elapsed = 00:00:18 . Memory (MB): peak = 1270.520 ; gain = 26.023 ; free physical = 280 ; free virtual = 1229
INFO: [IP_Flow 19-234] Refreshing IP repositories
INFO: [IP_Flow 19-1704] No user IP repositories specified
INFO: [IP_Flow 19-2313] Loaded Vivado IP repository '/tools/Xilinx/Vivado/2023.1/data/ip'.
IP SYNTH XDC FILES = 
Current synth_xdc_files = 
DBG: creating temporary IP: dbg_hub
INFO: [Device 21-403] Loading part xc7z020clg400-1
create_ip: Time (s): cpu = 00:00:08 ; elapsed = 00:00:19 . Memory (MB): peak = 1733.520 ; gain = 439.188 ; free physical = 121 ; free virtual = 839
/home/gvaldez/cordic_clp_final/coordic_tpfinal/coordic_recursivo/sintesis/cordic_alg.runs/impl_1/.Xil/Vivado-620312-DESKTOP-DEBIAN/dc_drv.0/dc/prj_ip.srcs/sources_1/ip/dbg_hub/dbg_hub.xci
INFO: [IP_Flow 19-1686] Generating 'Instantiation Template' target for IP 'dbg_hub'...
INFO: [IP_Flow 19-1686] Generating 'Synthesis' target for IP 'dbg_hub'...
INFO: [IP_Flow 19-1686] Generating 'Simulation' target for IP 'dbg_hub'...
generation completed successfully
Succeeded copying xdc_files
Succeeded copying xci files
INFO: [IP_Flow 19-6924] IPCACHE: Running cache check for IP inst: dbg_hub
created run dbg_hub_synth_1
launching all runs dbg_hub_synth_1
INFO: [IP_Flow 19-6924] IPCACHE: Running cache check for IP inst: dbg_hub
[Tue Jun 20 18:16:59 2023] Launched dbg_hub_synth_1...
Run output will be captured here: /home/gvaldez/cordic_clp_final/coordic_tpfinal/coordic_recursivo/sintesis/cordic_alg.runs/impl_1/.Xil/Vivado-620312-DESKTOP-DEBIAN/dc_drv.0/dc/prj_ip.runs/dbg_hub_synth_1/runme.log
INFO: [InternalPartition_RunlogStart-1] dbg_hub
[Tue Jun 20 18:16:59 2023] Waiting for dbg_hub_synth_1 to finish...

*** Running vivado
    with args -log dbg_hub.vds -m64 -product Vivado -mode batch -messageDb vivado.pb -notrace -source dbg_hub.tcl


****** Vivado v2023.1 (64-bit)
  **** SW Build 3865809 on Sun May  7 15:04:56 MDT 2023
  **** IP Build 3864474 on Sun May  7 20:36:21 MDT 2023
  **** SharedData Build 3865790 on Sun May 07 13:33:03 MDT 2023
    ** Copyright 1986-2022 Xilinx, Inc. All Rights Reserved.
    ** Copyright 2022-2023 Advanced Micro Devices, Inc. All Rights Reserved.

source dbg_hub.tcl -notrace
create_project: Time (s): cpu = 00:00:14 ; elapsed = 00:00:27 . Memory (MB): peak = 1301.785 ; gain = 54.023 ; free physical = 115 ; free virtual = 417
INFO: [IP_Flow 19-6924] IPCACHE: Running cache check for IP inst: dbg_hub
Command: synth_design -top dbg_hub -part xc7z020clg400-1 -incremental_mode off -mode out_of_context
Starting synth_design
Attempting to get a license for feature 'Synthesis' and/or device 'xc7z020'
INFO: [Common 17-349] Got license for feature 'Synthesis' and/or device 'xc7z020'
INFO: [Device 21-403] Loading part xc7z020clg400-1
